<?xml version="1.0" encoding="UTF-8"?>
<testsuite name="DoublyLinkedQueueTest" tests="1" skipped="0" failures="0" errors="0" timestamp="2020-01-20T15:46:26" hostname="Mikes-MacBook-Pro-2.local" time="0.001">
  <properties/>
  <testcase name="testDoublyLinkedQueue" classname="DoublyLinkedQueueTest" time="0.001"/>
  <system-out><![CDATA[]]></system-out>
  <system-err><![CDATA[]]></system-err>
</testsuite>
